Using pre-set license
Built from '2021.3/staging' branch; Version is '2021.3.6f1 (7da38d85baf6) revision 8233869'; Using compiler version '192829333'; Build Type 'Release'
OS: 'Windows 11  (10.0.22000) 64bit Core' Language: 'he' Physical Memory: 32637 MB
BatchMode: 1, IsHumanControllingUs: 0, StartBugReporterOnCrash: 0, Is64bit: 1, IsPro: 1

COMMAND LINE ARGUMENTS:
C:\Program Files\Unity\2021.3.6f1\Editor\Unity.exe
-adb2
-batchMode
-noUpm
-name
AssetImportWorker0
-projectPath
C:/Program Files (x86)/UnityProjects/TileVania/TileVania
-logFile
Logs/AssetImportWorker0.log
-srvPort
50043
Successfully changed project path to: C:/Program Files (x86)/UnityProjects/TileVania/TileVania
C:/Program Files (x86)/UnityProjects/TileVania/TileVania
[UnityMemory] Configuration Parameters - Can be set up in boot.config
    "memorysetup-bucket-allocator-granularity=16"
    "memorysetup-bucket-allocator-bucket-count=8"
    "memorysetup-bucket-allocator-block-size=33554432"
    "memorysetup-bucket-allocator-block-count=8"
    "memorysetup-main-allocator-block-size=16777216"
    "memorysetup-thread-allocator-block-size=16777216"
    "memorysetup-gfx-main-allocator-block-size=16777216"
    "memorysetup-gfx-thread-allocator-block-size=16777216"
    "memorysetup-cache-allocator-block-size=4194304"
    "memorysetup-typetree-allocator-block-size=2097152"
    "memorysetup-profiler-bucket-allocator-granularity=16"
    "memorysetup-profiler-bucket-allocator-bucket-count=8"
    "memorysetup-profiler-bucket-allocator-block-size=33554432"
    "memorysetup-profiler-bucket-allocator-block-count=8"
    "memorysetup-profiler-allocator-block-size=16777216"
    "memorysetup-profiler-editor-allocator-block-size=1048576"
    "memorysetup-temp-allocator-size-main=16777216"
    "memorysetup-job-temp-allocator-block-size=2097152"
    "memorysetup-job-temp-allocator-block-size-background=1048576"
    "memorysetup-job-temp-allocator-reduction-small-platforms=262144"
    "memorysetup-temp-allocator-size-background-worker=32768"
    "memorysetup-temp-allocator-size-job-worker=262144"
    "memorysetup-temp-allocator-size-preload-manager=33554432"
    "memorysetup-temp-allocator-size-nav-mesh-worker=65536"
    "memorysetup-temp-allocator-size-audio-worker=65536"
    "memorysetup-temp-allocator-size-cloud-worker=32768"
    "memorysetup-temp-allocator-size-gi-baking-worker=262144"
    "memorysetup-temp-allocator-size-gfx=262144"
Refreshing native plugins compatible for Editor in 69.17 ms, found 4 plugins.
Preloading 0 native plugins for Editor in 0.00 ms.
Initialize engine version: 2021.3.6f1 (7da38d85baf6)
[Subsystems] Discovering subsystems at path C:/Program Files/Unity/2021.3.6f1/Editor/Data/Resources/UnitySubsystems
[Subsystems] Discovering subsystems at path C:/Program Files (x86)/UnityProjects/TileVania/TileVania/Assets
GfxDevice: creating device client; threaded=0; jobified=0
Direct3D:
    Version:  Direct3D 11.0 [level 11.1]
    Renderer: NVIDIA GeForce RTX 3080 (ID=0x2206)
    Vendor:   NVIDIA
    VRAM:     10078 MB
    Driver:   31.0.15.1694
Initialize mono
Mono path[0] = 'C:/Program Files/Unity/2021.3.6f1/Editor/Data/Managed'
Mono path[1] = 'C:/Program Files/Unity/2021.3.6f1/Editor/Data/MonoBleedingEdge/lib/mono/unityjit-win32'
Mono config path = 'C:/Program Files/Unity/2021.3.6f1/Editor/Data/MonoBleedingEdge/etc'
Using monoOptions --debugger-agent=transport=dt_socket,embedding=1,server=y,suspend=n,address=127.0.0.1:56168
Begin MonoManager ReloadAssembly
Registering precompiled unity dll's ...
Register platform support module: C:/Program Files/Unity/2021.3.6f1/Editor/Data/PlaybackEngines/AndroidPlayer/UnityEditor.Android.Extensions.dll
Register platform support module: C:/Program Files/Unity/2021.3.6f1/Editor/Data/PlaybackEngines/WindowsStandaloneSupport/UnityEditor.WindowsStandalone.Extensions.dll
Registered in 0.003188 seconds.
Native extension for WindowsStandalone target not found
Native extension for Android target not found
Refreshing native plugins compatible for Editor in 77.72 ms, found 4 plugins.
Preloading 0 native plugins for Editor in 0.00 ms.
Mono: successfully reloaded assembly
- Completed reload, in  0.518 seconds
Domain Reload Profiling:
	ReloadAssembly (518ms)
		BeginReloadAssembly (55ms)
			ExecutionOrderSort (0ms)
			DisableScriptedObjects (0ms)
			BackupInstance (0ms)
			ReleaseScriptingObjects (0ms)
			CreateAndSetChildDomain (1ms)
		EndReloadAssembly (383ms)
			LoadAssemblies (54ms)
			RebuildTransferFunctionScriptingTraits (0ms)
			SetupTypeCache (84ms)
			ReleaseScriptCaches (0ms)
			RebuildScriptCaches (21ms)
			SetupLoadedEditorAssemblies (238ms)
				LogAssemblyErrors (0ms)
				InitializePlatformSupportModulesInManaged (43ms)
				SetLoadedEditorAssemblies (0ms)
				RefreshPlugins (78ms)
				BeforeProcessingInitializeOnLoad (1ms)
				ProcessInitializeOnLoadAttributes (79ms)
				ProcessInitializeOnLoadMethodAttributes (37ms)
				AfterProcessingInitializeOnLoad (0ms)
				EditorAssembliesLoaded (0ms)
			ExecutionOrderSort2 (0ms)
			AwakeInstancesAfterBackupRestoration (0ms)
Platform modules already initialized, skipping
Registering precompiled user dll's ...
Registered in 0.005488 seconds.
Begin MonoManager ReloadAssembly
Symbol file LoadedFromMemory doesn't match image C:\Program Files (x86)\UnityProjects\TileVania\TileVania\Library\PackageCache\com.unity.visualscripting@1.7.8\Editor\VisualScripting.Core\Dependencies\YamlDotNet\Unity.VisualScripting.YamlDotNet.dll
Symbol file LoadedFromMemory doesn't match image C:\Program Files (x86)\UnityProjects\TileVania\TileVania\Library\PackageCache\com.unity.visualscripting@1.7.8\Editor\VisualScripting.Core\Dependencies\DotNetZip\Unity.VisualScripting.IonicZip.dll
Native extension for WindowsStandalone target not found
Native extension for Android target not found
Refreshing native plugins compatible for Editor in 75.59 ms, found 4 plugins.
Preloading 0 native plugins for Editor in 0.00 ms.
Mono: successfully reloaded assembly
- Completed reload, in  1.089 seconds
Domain Reload Profiling:
	ReloadAssembly (1090ms)
		BeginReloadAssembly (209ms)
			ExecutionOrderSort (0ms)
			DisableScriptedObjects (4ms)
			BackupInstance (0ms)
			ReleaseScriptingObjects (0ms)
			CreateAndSetChildDomain (134ms)
		EndReloadAssembly (781ms)
			LoadAssemblies (79ms)
			RebuildTransferFunctionScriptingTraits (0ms)
			SetupTypeCache (216ms)
			ReleaseScriptCaches (0ms)
			RebuildScriptCaches (58ms)
			SetupLoadedEditorAssemblies (396ms)
				LogAssemblyErrors (0ms)
				InitializePlatformSupportModulesInManaged (11ms)
				SetLoadedEditorAssemblies (0ms)
				RefreshPlugins (76ms)
				BeforeProcessingInitializeOnLoad (81ms)
				ProcessInitializeOnLoadAttributes (188ms)
				ProcessInitializeOnLoadMethodAttributes (36ms)
				AfterProcessingInitializeOnLoad (4ms)
				EditorAssembliesLoaded (0ms)
			ExecutionOrderSort2 (0ms)
			AwakeInstancesAfterBackupRestoration (5ms)
Platform modules already initialized, skipping
========================================================================
Worker process is ready to serve import requests
Launched and connected shader compiler UnityShaderCompiler.exe after 0.03 seconds
Refreshing native plugins compatible for Editor in 0.99 ms, found 4 plugins.
Preloading 0 native plugins for Editor in 0.00 ms.
Unloading 4057 Unused Serialized files (Serialized files now loaded: 0)
Unloading 44 unused Assets / (222.9 KB). Loaded Objects now: 4509.
Memory consumption went from 151.1 MB to 150.9 MB.
Total: 3.544400 ms (FindLiveObjects: 0.282700 ms CreateObjectMapping: 0.108200 ms MarkObjects: 2.892500 ms  DeleteObjects: 0.259800 ms)

AssetImportParameters requested are different than current active one (requested -> active):
  custom:video-decoder-ogg-theora: a1e56fd34408186e4bbccfd4996cb3dc -> 
  custom:container-muxer-webm: aa71ff27fc2769a1b78a27578f13a17b -> 
  custom:container-demuxer-webm: 4f35f7cbe854078d1ac9338744f61a02 -> 
  custom:video-encoder-webm-vp8: eb34c28f22e8b96e1ab97ce403110664 -> 
  custom:audio-encoder-webm-vorbis: bf7c407c2cedff20999df2af8eb42d56 -> 
  custom:framework-win-MediaFoundation: 216162199b28c13a410421893ffa2e32 -> 
  custom:container-demuxer-ogg: 62fdf1f143b41e24485cea50d1cbac27 -> 
  custom:video-decoder-webm-vp8: 9c59270c3fd7afecdb556c50c9e8de78 -> 
  custom:audio-decoder-ogg-vorbis: bf7c407c2cedff20999df2af8eb42d56 -> 
========================================================================
Received Import Request.
  Time since last request: 65440.118739 seconds.
  path: Assets/Tiles
  artifactKey: Guid(82c6367d153373949a4f73ff9b074c24) Importer(815301076,1909f56bfc062723c751e8b465ee728b)
Start importing Assets/Tiles using Guid(82c6367d153373949a4f73ff9b074c24) Importer(815301076,1909f56bfc062723c751e8b465ee728b)  -> (artifact id: '4fb02f8458a20e15d13677b2c774017c') in 0.014123 seconds 
========================================================================
Received Import Request.
  Time since last request: 63.724556 seconds.
  path: Assets/Tiles/Platform Palette.prefab
  artifactKey: Guid(d09db20221ce6dd43b95d86cd7fe404e) Importer(815301076,1909f56bfc062723c751e8b465ee728b)
Start importing Assets/Tiles/Platform Palette.prefab using Guid(d09db20221ce6dd43b95d86cd7fe404e) Importer(815301076,1909f56bfc062723c751e8b465ee728b)  -> (artifact id: '5871655e00cfab1865b22c6cac225d27') in 0.082162 seconds 
========================================================================
Received Import Request.
  Time since last request: 53.691611 seconds.
  path: Assets/Tiles/Platform Palette.prefab
  artifactKey: Guid(d09db20221ce6dd43b95d86cd7fe404e) Importer(815301076,1909f56bfc062723c751e8b465ee728b)
Start importing Assets/Tiles/Platform Palette.prefab using Guid(d09db20221ce6dd43b95d86cd7fe404e) Importer(815301076,1909f56bfc062723c751e8b465ee728b)  -> (artifact id: 'ede5cb56f4c3115e3456f95dd5e6d5d3') in 0.025225 seconds 
========================================================================
Received Import Request.
  Time since last request: 0.000019 seconds.
  path: Assets/Tiles/SPA_Rock_Grass_Water_3.asset
  artifactKey: Guid(2b08b39ef5d91224cad56524d4a55dcb) Importer(815301076,1909f56bfc062723c751e8b465ee728b)
Start importing Assets/Tiles/SPA_Rock_Grass_Water_3.asset using Guid(2b08b39ef5d91224cad56524d4a55dcb) Importer(815301076,1909f56bfc062723c751e8b465ee728b)  -> (artifact id: '7886575c0c3ace384752e142bee322f9') in 0.025884 seconds 
========================================================================
Received Import Request.
  Time since last request: 0.000023 seconds.
  path: Assets/Tiles/SPA_Rock_Grass_Water_15.asset
  artifactKey: Guid(3216eb82782773945bfb59578bb3bf8c) Importer(815301076,1909f56bfc062723c751e8b465ee728b)
Start importing Assets/Tiles/SPA_Rock_Grass_Water_15.asset using Guid(3216eb82782773945bfb59578bb3bf8c) Importer(815301076,1909f56bfc062723c751e8b465ee728b)  -> (artifact id: '32fcc6dd60555dd89339c22f565c844e') in 0.020021 seconds 
========================================================================
Received Import Request.
  Time since last request: 0.000026 seconds.
  path: Assets/Tiles/SPA_Rock_Grass_Water_25.asset
  artifactKey: Guid(eb69d84c011c09f4aa657bbee118123a) Importer(815301076,1909f56bfc062723c751e8b465ee728b)
Start importing Assets/Tiles/SPA_Rock_Grass_Water_25.asset using Guid(eb69d84c011c09f4aa657bbee118123a) Importer(815301076,1909f56bfc062723c751e8b465ee728b)  -> (artifact id: '1fbb5b5dfbc4198db562df4498ea9793') in 0.017378 seconds 
========================================================================
Received Import Request.
  Time since last request: 0.000078 seconds.
  path: Assets/Tiles/SPA_Rock_Grass_Water_9.asset
  artifactKey: Guid(34feb07fde8dbed4ca49b71171059419) Importer(815301076,1909f56bfc062723c751e8b465ee728b)
Start importing Assets/Tiles/SPA_Rock_Grass_Water_9.asset using Guid(34feb07fde8dbed4ca49b71171059419) Importer(815301076,1909f56bfc062723c751e8b465ee728b)  -> (artifact id: 'b964734d8e96f64f4fa0936648ebdd57') in 0.015488 seconds 
========================================================================
Received Import Request.
  Time since last request: 0.000051 seconds.
  path: Assets/Tiles/SPA_Rock_Grass_Water_4.asset
  artifactKey: Guid(810c675e5cff327499bb9489831edfed) Importer(815301076,1909f56bfc062723c751e8b465ee728b)
Start importing Assets/Tiles/SPA_Rock_Grass_Water_4.asset using Guid(810c675e5cff327499bb9489831edfed) Importer(815301076,1909f56bfc062723c751e8b465ee728b)  -> (artifact id: 'a7d48061916fe70efa40b1603cfa520a') in 0.019543 seconds 
========================================================================
Received Import Request.
  Time since last request: 0.000070 seconds.
  path: Assets/Tiles/SPA_Rock_Grass_Water_10.asset
  artifactKey: Guid(0957266de561e484c96593ea8782b8be) Importer(815301076,1909f56bfc062723c751e8b465ee728b)
Start importing Assets/Tiles/SPA_Rock_Grass_Water_10.asset using Guid(0957266de561e484c96593ea8782b8be) Importer(815301076,1909f56bfc062723c751e8b465ee728b)  -> (artifact id: '77c0f39c6064c4e4497ee3c0c8f10dd2') in 0.019318 seconds 
========================================================================
Received Import Request.
  Time since last request: 0.000041 seconds.
  path: Assets/Tiles/SPA_Rock_Grass_Water_6.asset
  artifactKey: Guid(094490182289fe74ebbb755c5a5b811e) Importer(815301076,1909f56bfc062723c751e8b465ee728b)
Start importing Assets/Tiles/SPA_Rock_Grass_Water_6.asset using Guid(094490182289fe74ebbb755c5a5b811e) Importer(815301076,1909f56bfc062723c751e8b465ee728b)  -> (artifact id: 'c8234e460448398c1a6d4ddcd95c7f18') in 0.020495 seconds 
========================================================================
Received Import Request.
  Time since last request: 0.000037 seconds.
  path: Assets/Tiles/SPA_Rock_Grass_Water_28.asset
  artifactKey: Guid(c67e2c57e13473b4887c3e34d423d3c1) Importer(815301076,1909f56bfc062723c751e8b465ee728b)
Start importing Assets/Tiles/SPA_Rock_Grass_Water_28.asset using Guid(c67e2c57e13473b4887c3e34d423d3c1) Importer(815301076,1909f56bfc062723c751e8b465ee728b)  -> (artifact id: 'bb115b62f9694000a0172e4cf4974e78') in 0.019602 seconds 
========================================================================
Received Import Request.
  Time since last request: 0.000034 seconds.
  path: Assets/Tiles/SPA_Rock_Grass_Water_26.asset
  artifactKey: Guid(c1751f63307decc45b39268c14513512) Importer(815301076,1909f56bfc062723c751e8b465ee728b)
Start importing Assets/Tiles/SPA_Rock_Grass_Water_26.asset using Guid(c1751f63307decc45b39268c14513512) Importer(815301076,1909f56bfc062723c751e8b465ee728b)  -> (artifact id: '7fddeb86e9ccac595b95a2078e9f83d6') in 0.018716 seconds 
========================================================================
Received Import Request.
  Time since last request: 0.000097 seconds.
  path: Assets/Tiles/SPA_Rock_Grass_Water_29.asset
  artifactKey: Guid(4731ec10c2ed10d4d8a40afde661a1ab) Importer(815301076,1909f56bfc062723c751e8b465ee728b)
Start importing Assets/Tiles/SPA_Rock_Grass_Water_29.asset using Guid(4731ec10c2ed10d4d8a40afde661a1ab) Importer(815301076,1909f56bfc062723c751e8b465ee728b)  -> (artifact id: '6441e0b7fff98acea55f6c30a22af952') in 0.019530 seconds 
========================================================================
Received Import Request.
  Time since last request: 0.000063 seconds.
  path: Assets/Tiles/SPA_Rock_Grass_Water_24.asset
  artifactKey: Guid(9fc6c75cb5dafbc469958ebd0cf4c1a2) Importer(815301076,1909f56bfc062723c751e8b465ee728b)
Start importing Assets/Tiles/SPA_Rock_Grass_Water_24.asset using Guid(9fc6c75cb5dafbc469958ebd0cf4c1a2) Importer(815301076,1909f56bfc062723c751e8b465ee728b)  -> (artifact id: 'dd1d02e3d708a0abff21ac67a1e06742') in 0.018024 seconds 
========================================================================
Received Import Request.
  Time since last request: 0.000047 seconds.
  path: Assets/Tiles/SPA_Rock_Grass_Water_13.asset
  artifactKey: Guid(cf7ec07d1955b7d438663d2695b28ee9) Importer(815301076,1909f56bfc062723c751e8b465ee728b)
Start importing Assets/Tiles/SPA_Rock_Grass_Water_13.asset using Guid(cf7ec07d1955b7d438663d2695b28ee9) Importer(815301076,1909f56bfc062723c751e8b465ee728b)  -> (artifact id: 'b8b232782a435f9b23165fb4633e7801') in 0.018444 seconds 
========================================================================
Received Import Request.
  Time since last request: 0.000054 seconds.
  path: Assets/Tiles/SPA_Rock_Grass_Water_5.asset
  artifactKey: Guid(1040ed25454b97e4cad3ed6a996c7ddf) Importer(815301076,1909f56bfc062723c751e8b465ee728b)
Start importing Assets/Tiles/SPA_Rock_Grass_Water_5.asset using Guid(1040ed25454b97e4cad3ed6a996c7ddf) Importer(815301076,1909f56bfc062723c751e8b465ee728b)  -> (artifact id: '4836e1a8a08d385c24c11b3da46da49c') in 0.020658 seconds 
========================================================================
Received Import Request.
  Time since last request: 0.000057 seconds.
  path: Assets/Tiles/SPA_Rock_Grass_Water_7.asset
  artifactKey: Guid(542983b510ce1134bbbd8e394bbbbe09) Importer(815301076,1909f56bfc062723c751e8b465ee728b)
Start importing Assets/Tiles/SPA_Rock_Grass_Water_7.asset using Guid(542983b510ce1134bbbd8e394bbbbe09) Importer(815301076,1909f56bfc062723c751e8b465ee728b)  -> (artifact id: '7969064081cfca59d7cb48aa426e4484') in 0.024842 seconds 
========================================================================
Received Import Request.
  Time since last request: 0.000111 seconds.
  path: Assets/Tiles/SPA_Rock_Grass_Water_23.asset
  artifactKey: Guid(3ed463755637e5d4ba0e2f38428d46c5) Importer(815301076,1909f56bfc062723c751e8b465ee728b)
Start importing Assets/Tiles/SPA_Rock_Grass_Water_23.asset using Guid(3ed463755637e5d4ba0e2f38428d46c5) Importer(815301076,1909f56bfc062723c751e8b465ee728b)  -> (artifact id: 'e13fe4198c0f0c1d333c66d273070fd7') in 0.023169 seconds 
Editor requested this worker to shutdown with reason: Scaling down because of idle timeout
AssetImportWorker is now disconnected from the server
Process exiting
Exiting without the bug reporter. Application will terminate with return code 0